e:\code\milesedgeworth\x64\debug\vc143.pdb
e:\code\milesedgeworth\x64\debug\vc143.idb
e:\code\milesedgeworth\x64\debug\qrc_milesedgeworth.obj
e:\code\milesedgeworth\x64\debug\picviewer.obj
e:\code\milesedgeworth\x64\debug\prosecutorbadge.obj
e:\code\milesedgeworth\x64\debug\milesedgeworth.obj
e:\code\milesedgeworth\x64\debug\main.obj
e:\code\milesedgeworth\x64\debug\mygraphicsview.obj
e:\code\milesedgeworth\x64\debug\moc_milesedgeworth.obj
e:\code\milesedgeworth\x64\debug\moc_prosecutorbadge.obj
e:\code\milesedgeworth\x64\debug\moc_mygraphicsview.obj
e:\code\milesedgeworth\x64\debug\moc_picviewer.obj
e:\code\milesedgeworth\x64\debug\milesedgeworth.ilk
e:\code\milesedgeworth\x64\debug\milesedgeworth.exe
e:\code\milesedgeworth\x64\debug\milesedgeworth.pdb
e:\code\milesedgeworth\x64\debug\uic\ui_milesedgeworth.h
e:\code\milesedgeworth\x64\debug\uic\ui_picviewer.h
e:\code\milesedgeworth\x64\debug\uic\ui_pic_viewer.h
e:\code\milesedgeworth\x64\debug\uic\ui_prosecutorbadge.h
e:\code\milesedgeworth\x64\debug\rcc\qrc_milesedgeworth.cpp
e:\code\milesedgeworth\x64\debug\moc\moc_milesedgeworth.cpp
e:\code\milesedgeworth\x64\debug\moc\moc_prosecutorbadge.cpp
e:\code\milesedgeworth\x64\debug\moc\moc_mygraphicsview.cpp
e:\code\milesedgeworth\x64\debug\moc\moc_picviewer.cpp
e:\code\milesedgeworth\x64\debug\milesedgeworth.tlog\cl.command.1.tlog
e:\code\milesedgeworth\x64\debug\milesedgeworth.tlog\cl.items.tlog
e:\code\milesedgeworth\x64\debug\milesedgeworth.tlog\cl.read.1.tlog
e:\code\milesedgeworth\x64\debug\milesedgeworth.tlog\cl.write.1.tlog
e:\code\milesedgeworth\x64\debug\milesedgeworth.tlog\link.command.1.tlog
e:\code\milesedgeworth\x64\debug\milesedgeworth.tlog\link.read.1.tlog
e:\code\milesedgeworth\x64\debug\milesedgeworth.tlog\link.write.1.tlog
e:\code\milesedgeworth\x64\debug\milesedgeworth.tlog\milesedgeworth.write.1u.tlog
e:\code\milesedgeworth\x64\debug\milesedgeworth.tlog\moc.read.1u.tlog
e:\code\milesedgeworth\x64\debug\milesedgeworth.tlog\moc.write.1u.tlog
e:\code\milesedgeworth\x64\debug\milesedgeworth.tlog\rcc.read.1u.tlog
e:\code\milesedgeworth\x64\debug\milesedgeworth.tlog\rcc.write.1u.tlog
e:\code\milesedgeworth\x64\debug\milesedgeworth.tlog\uic.read.1u.tlog
e:\code\milesedgeworth\x64\debug\milesedgeworth.tlog\uic.write.1u.tlog
